<?xml version="1.0" encoding="UTF-8"?>
<!-- Generated by org.testng.reporters.JUnitXMLReporter -->
<testsuite ignored="0" hostname="DESKTOP-HVSKTJH" failures="0" tests="0" name="Test" time="1.083" errors="0" timestamp="2024-02-04T14:00:14 WAT">
  <testcase classname="io.cucumber.testng.AbstractTestNGCucumberTests" name="@BeforeClass setUpClass" time="1.015">
    <failure type="java.net.MalformedURLException" message="Error at index 1 in: &amp;quot;5S6WUXWdm7zGZ4vUpQ4shttps:&amp;quot;">
      <![CDATA[java.net.MalformedURLException: Error at index 1 in: "5S6WUXWdm7zGZ4vUpQ4shttps:"
at java.base/java.net.URL.<init>(URL.java:798)
at java.base/java.net.URL.<init>(URL.java:646)
at java.base/java.net.URL.<init>(URL.java:582)
at stepDefinition.Base.setup(Base.java:67)
Caused by: java.lang.NumberFormatException: Error at index 1 in: "5S6WUXWdm7zGZ4vUpQ4shttps:"
at java.base/java.lang.NumberFormatException.forCharSequence(NumberFormatException.java:83)
at java.base/java.lang.Integer.parseInt(Integer.java:746)
at java.base/java.net.URLStreamHandler.parseURL(URLStreamHandler.java:235)
at java.base/java.net.URL.<init>(URL.java:793)
at java.base/java.net.URL.<init>(URL.java:646)
at java.base/java.net.URL.<init>(URL.java:582)
at stepDefinition.Base.setup(Base.java:67)
at io.cucumber.java.Invoker.doInvoke(Invoker.java:66)
at io.cucumber.java.Invoker.invokeStatic(Invoker.java:80)
at io.cucumber.java.AbstractGlueDefinition.invokeMethod(AbstractGlueDefinition.java:45)
at io.cucumber.java.JavaStaticHookDefinition.execute(JavaStaticHookDefinition.java:49)
at io.cucumber.core.runner.Runner.executeHook(Runner.java:112)
at io.cucumber.core.runner.Runner.lambda$executeHooks$2(Runner.java:99)
at io.cucumber.core.runner.ThrowableCollector.execute(ThrowableCollector.java:21)
at io.cucumber.core.runner.Runner.executeHooks(Runner.java:99)
at io.cucumber.core.runner.Runner.runBeforeAllHooks(Runner.java:89)
at io.cucumber.core.runtime.RethrowingThrowableCollector.executeAndThrow(RethrowingThrowableCollector.java:23)
at io.cucumber.core.runtime.CucumberExecutionContext.runBeforeAllHooks(CucumberExecutionContext.java:94)
at io.cucumber.testng.TestNGCucumberRunner.<init>(TestNGCucumberRunner.java:124)
at io.cucumber.testng.AbstractTestNGCucumberTests.setUpClass(AbstractTestNGCucumberTests.java:27)
at java.base/java.util.ArrayList.forEach(ArrayList.java:1511)
... Removed 25 stack frames]]>
    </failure>
  </testcase> <!-- @BeforeClass setUpClass -->
</testsuite> <!-- Test -->
