<?xml version="1.0" encoding="UTF-8"?>
<!-- Generated by org.testng.reporters.JUnitXMLReporter -->
<testsuite ignored="0" hostname="DESKTOP-HVSKTJH" failures="0" tests="0" name="Test-1" time="569.062" errors="0" timestamp="2024-02-28T01:46:47 WAT">
  <testcase classname="io.cucumber.testng.AbstractTestNGCucumberTests" name="@BeforeClass setUpClass" time="437.681">
    <failure type="org.openqa.selenium.remote.UnreachableBrowserException" message="Error communicating with the remote browser. It may have died.
Build info: version: &amp;apos;4.18.1&amp;apos;, revision: &amp;apos;b1d3319b48&amp;apos;
System info: os.name: &amp;apos;Windows 10&amp;apos;, os.arch: &amp;apos;amd64&amp;apos;, os.version: &amp;apos;10.0&amp;apos;, java.version: &amp;apos;20.0.1&amp;apos;
Driver info: org.openqa.selenium.chrome.ChromeDriver
Command: [483b1ec63b7b544f5d7165754d6421564f0b16b3, maximizeCurrentWindow []]
Capabilities {automationName: XCUITest, bootstrapPath: /usr/local/.browserstack/co..., browserName: , browserVersion: null, browserstack.isTargetBased: true, bundleId: browserstack.chromium.p.71...., databaseEnabled: false, deviceName: iPhone 13, deviceOrientation: PORTRAIT, javascriptEnabled: true, keychainPassword: [REDACTED VALUE], keychainPath: [REDACTED VALUE], locationContextEnabled: false, networkConnectionEnabled: false, newCommandTimeout: 0, noReset: true, optimalHubUrl: hub-euw.browserstack.com, orientation: PORTRAIT, platform: MAC, platformName: IOS, realMobile: true, takesScreenshot: true, udid: 00008110-00015094348B801E, useXctestrunFile: true, webStorageEnabled: false}
Session ID: 483b1ec63b7b544f5d7165754d6421564f0b16b3">
      <![CDATA[org.openqa.selenium.remote.UnreachableBrowserException: Error communicating with the remote browser. It may have died.
Build info: version: '4.18.1', revision: 'b1d3319b48'
System info: os.name: 'Windows 10', os.arch: 'amd64', os.version: '10.0', java.version: '20.0.1'
Driver info: org.openqa.selenium.chrome.ChromeDriver
Command: [483b1ec63b7b544f5d7165754d6421564f0b16b3, maximizeCurrentWindow []]
Capabilities {automationName: XCUITest, bootstrapPath: /usr/local/.browserstack/co..., browserName: , browserVersion: null, browserstack.isTargetBased: true, bundleId: browserstack.chromium.p.71...., databaseEnabled: false, deviceName: iPhone 13, deviceOrientation: PORTRAIT, javascriptEnabled: true, keychainPassword: [REDACTED VALUE], keychainPath: [REDACTED VALUE], locationContextEnabled: false, networkConnectionEnabled: false, newCommandTimeout: 0, noReset: true, optimalHubUrl: hub-euw.browserstack.com, orientation: PORTRAIT, platform: MAC, platformName: IOS, realMobile: true, takesScreenshot: true, udid: 00008110-00015094348B801E, useXctestrunFile: true, webStorageEnabled: false}
Session ID: 483b1ec63b7b544f5d7165754d6421564f0b16b3
at org.openqa.selenium.remote.RemoteWebDriver.execute(RemoteWebDriver.java:546)
at org.openqa.selenium.remote.RemoteWebDriver.execute(RemoteWebDriver.java:592)
at org.openqa.selenium.remote.RemoteWebDriver.execute(RemoteWebDriver.java:596)
at org.openqa.selenium.remote.RemoteWebDriver$RemoteWebDriverOptions$RemoteWindow.maximize(RemoteWebDriver.java:1035)
at stepDefinition.Base.setup(Base.java:51)
Caused by: java.lang.IllegalArgumentException: Unable to find mapping for {value={message=Session not started or terminated}, sessionId=, status=13}
at org.openqa.selenium.remote.ErrorCodec.decode(ErrorCodec.java:152)
at org.openqa.selenium.remote.codec.w3c.W3CHttpResponseCodec.decode(W3CHttpResponseCodec.java:138)
at org.openqa.selenium.remote.codec.w3c.W3CHttpResponseCodec.decode(W3CHttpResponseCodec.java:50)
at org.openqa.selenium.remote.HttpCommandExecutor.execute(HttpCommandExecutor.java:190)
at org.openqa.selenium.remote.RemoteWebDriver.execute(RemoteWebDriver.java:519)
at org.openqa.selenium.remote.RemoteWebDriver.execute(RemoteWebDriver.java:592)
at org.openqa.selenium.remote.RemoteWebDriver.execute(RemoteWebDriver.java:596)
at org.openqa.selenium.remote.RemoteWebDriver$RemoteWebDriverOptions$RemoteWindow.maximize(RemoteWebDriver.java:1035)
at stepDefinition.Base.setup(Base.java:51)
at io.cucumber.java.Invoker.doInvoke(Invoker.java:66)
at io.cucumber.java.Invoker.invokeStatic(Invoker.java:80)
at io.cucumber.java.AbstractGlueDefinition.invokeMethod(AbstractGlueDefinition.java:45)
at io.cucumber.java.JavaStaticHookDefinition.execute(JavaStaticHookDefinition.java:49)
at io.cucumber.core.runner.Runner.executeHook(Runner.java:112)
at io.cucumber.core.runner.Runner.lambda$executeHooks$2(Runner.java:99)
at io.cucumber.core.runner.ThrowableCollector.execute(ThrowableCollector.java:21)
at io.cucumber.core.runner.Runner.executeHooks(Runner.java:99)
at io.cucumber.core.runner.Runner.runBeforeAllHooks(Runner.java:89)
at io.cucumber.core.runtime.RethrowingThrowableCollector.executeAndThrow(RethrowingThrowableCollector.java:23)
at io.cucumber.core.runtime.CucumberExecutionContext.runBeforeAllHooks(CucumberExecutionContext.java:94)
at io.cucumber.testng.TestNGCucumberRunner.<init>(TestNGCucumberRunner.java:124)
at io.cucumber.testng.AbstractTestNGCucumberTests.setUpClass(AbstractTestNGCucumberTests.java:27)
at java.base/java.util.ArrayList.forEach(ArrayList.java:1511)
at java.base/java.util.concurrent.FutureTask.run(FutureTask.java:317)
at java.base/java.util.concurrent.ThreadPoolExecutor.runWorker(ThreadPoolExecutor.java:1144)
at java.base/java.util.concurrent.ThreadPoolExecutor$Worker.run(ThreadPoolExecutor.java:642)
at java.base/java.lang.Thread.run(Thread.java:1623)
... Removed 15 stack frames]]>
    </failure>
  </testcase> <!-- @BeforeClass setUpClass -->
</testsuite> <!-- Test-1 -->
